*** Using Compiler 'V5.06 update 7 (build 960)', folder: 'C:\Keil_v5\ARM\ARMCC\Bin'
Rebuild target 'VFD_FW'
assembling startup_stm32f103xb.s...
compiling stm32f1xx_hal.c...
compiling stm32f1xx_hal_tim_ex.c...
compiling stm32f1xx_hal_gpio.c...
compiling stm32f1xx_hal_pwr.c...
compiling stm32f1xx_hal_flash_ex.c...
compiling stm32f1xx_hal_dma.c...
compiling system_stm32f1xx.c...
compiling stm32f1xx_hal_flash.c...
compiling stm32f1xx_hal_gpio_ex.c...
compiling stm32f1xx_hal_rcc_ex.c...
compiling stm32f1xx_hal_tim.c...
compiling stm32f1xx_hal_cortex.c...
compiling stm32f1xx_hal_i2c.c...
compiling stm32f1xx_hal_rcc.c...
compiling stm32f1xx_hal_exti.c...
compiling stm32f1xx_it.c...
compiling i2c_dev.c...
..\Core\Src\i2c_dev.c(10): warning:  #550-D: variable "PT_YIELD_FLAG"  was set but never used
     PT_BEGIN(pt);
..\Core\Src\i2c_dev.c: 1 warning, 0 errors
compiling main.c...
compiling stm32f1xx_hal_msp.c...
compiling BME280.c...
compiling work_logic.c...
linking...
Program Size: Code=9764 RO-data=292 RW-data=36 ZI-data=1772  
FromELF: creating hex file...
"VFD_FW\VFD_FW.axf" - 0 Error(s), 1 Warning(s).
Build Time Elapsed:  00:00:04
